  In file included from ..\src\api.cpp:75:
  In file included from ..\src/tachyon_video.h:44:
..\src/common/gui/video.h(167,9): : warning : 'register' storage class specifier is deprecated and incompatible with C++17 [-Wdeprecated-register]
          register depth_t bs = blue_shift, rs = red_shift;
          ^~~~~~~~~
..\src/common/gui/video.h(167,9): : warning : 'register' storage class specifier is deprecated and incompatible with C++17 [-Wdeprecated-register]
          register depth_t bs = blue_shift, rs = red_shift;
          ^~~~~~~~~
..\src/common/gui/video.h(172,9): : warning : 'register' storage class specifier is deprecated and incompatible with C++17 [-Wdeprecated-register]
          register unsigned y, u, v;
          ^~~~~~~~~
..\src/common/gui/video.h(172,9): : warning : 'register' storage class specifier is deprecated and incompatible with C++17 [-Wdeprecated-register]
          register unsigned y, u, v;
          ^~~~~~~~~
..\src/common/gui/video.h(172,9): : warning : 'register' storage class specifier is deprecated and incompatible with C++17 [-Wdeprecated-register]
          register unsigned y, u, v;
          ^~~~~~~~~
..\src/common/gui/video.h(182,46): : warning : initializer order does not match the declaration order [-Wreorder-ctor]
      : start_x(x), start_y(y), size_x(sizex), size_y(sizey), pixel_depth(dmem.pixel_depth),
        ~~~~~~~~~~  ~~~~~~~~~~  ~~~~~~~~~~~~~  ^~~~~~~~~~~~~  ~~~~~~~~~~~~~~~~~~~~~~~~~~~~~
        base_index(y*dmem.sizex + x) max_index(dmem.sizex*dmem.sizey) index_stride(dmem.sizex) pixel_depth(dmem.pixel_depth) ptr32(reinterpret_cast<unsigned int*>(dmem.my_address))
  ..\src/common/gui/video.h(182,46): note: field 'size_y' will be initialized after field 'pixel_depth'
      : start_x(x), start_y(y), size_x(sizex), size_y(sizey), pixel_depth(dmem.pixel_depth),
                                               ^~~~~~~~~~~~~
  ..\src/common/gui/video.h(182,61): note: field 'pixel_depth' will be initialized after field 'base_index'
      : start_x(x), start_y(y), size_x(sizex), size_y(sizey), pixel_depth(dmem.pixel_depth),
                                                              ^~~~~~~~~~~~~~~~~~~~~~~~~~~~~
  6 warnings generated.
  In file included from ..\src\common\gui\gdivideo.cpp:16:
  In file included from ..\src\common\gui/winvideo.h:33:
..\src\common\gui/video.h(167,9): : warning : 'register' storage class specifier is deprecated and incompatible with C++17 [-Wdeprecated-register]
          register depth_t bs = blue_shift, rs = red_shift;
          ^~~~~~~~~
..\src\common\gui/video.h(167,9): : warning : 'register' storage class specifier is deprecated and incompatible with C++17 [-Wdeprecated-register]
          register depth_t bs = blue_shift, rs = red_shift;
          ^~~~~~~~~
..\src\common\gui/video.h(172,9): : warning : 'register' storage class specifier is deprecated and incompatible with C++17 [-Wdeprecated-register]
          register unsigned y, u, v;
          ^~~~~~~~~
..\src\common\gui/video.h(172,9): : warning : 'register' storage class specifier is deprecated and incompatible with C++17 [-Wdeprecated-register]
          register unsigned y, u, v;
          ^~~~~~~~~
..\src\common\gui/video.h(172,9): : warning : 'register' storage class specifier is deprecated and incompatible with C++17 [-Wdeprecated-register]
          register unsigned y, u, v;
          ^~~~~~~~~
..\src\common\gui/video.h(182,46): : warning : initializer order does not match the declaration order [-Wreorder-ctor]
      : start_x(x), start_y(y), size_x(sizex), size_y(sizey), pixel_depth(dmem.pixel_depth),
        ~~~~~~~~~~  ~~~~~~~~~~  ~~~~~~~~~~~~~  ^~~~~~~~~~~~~  ~~~~~~~~~~~~~~~~~~~~~~~~~~~~~
        base_index(y*dmem.sizex + x) max_index(dmem.sizex*dmem.sizey) index_stride(dmem.sizex) pixel_depth(dmem.pixel_depth) ptr32(reinterpret_cast<unsigned int*>(dmem.my_address))
  ..\src\common\gui/video.h(182,46): note: field 'size_y' will be initialized after field 'pixel_depth'
      : start_x(x), start_y(y), size_x(sizex), size_y(sizey), pixel_depth(dmem.pixel_depth),
                                               ^~~~~~~~~~~~~
  ..\src\common\gui/video.h(182,61): note: field 'pixel_depth' will be initialized after field 'base_index'
      : start_x(x), start_y(y), size_x(sizex), size_y(sizey), pixel_depth(dmem.pixel_depth),
                                                              ^~~~~~~~~~~~~~~~~~~~~~~~~~~~~
  In file included from ..\src\common\gui\gdivideo.cpp:16:
..\src\common\gui/winvideo.h(148,7): : warning : initializer order does not match the declaration order [-Wreorder-ctor]
      : red_mask(0xff0000), red_shift(16), green_mask(0xff00),
        ^~~~~~~~~~~~~~~~~~                 ~~~~~~~~~~~~~~~~~~
        depth(24)                          green_shift(8)
  ..\src\common\gui/winvideo.h(148,7): note: field 'red_mask' will be initialized after field 'red_shift'
      : red_mask(0xff0000), red_shift(16), green_mask(0xff00),
        ^~~~~~~~~~~~~~~~~~
  ..\src\common\gui/winvideo.h(148,42): note: field 'green_mask' will be initialized after field 'green_shift'
      : red_mask(0xff0000), red_shift(16), green_mask(0xff00),
                                           ^~~~~~~~~~~~~~~~~~
  ..\src\common\gui/winvideo.h(149,23): note: field 'blue_mask' will be initialized after field 'blue_shift'
        green_shift(8), blue_mask(0xff), blue_shift(0), depth(24)
                        ^~~~~~~~~~~~~~~
  ..\src\common\gui/winvideo.h(149,40): note: field 'blue_shift' will be initialized after field 'depth'
        green_shift(8), blue_mask(0xff), blue_shift(0), depth(24)
                                         ^~~~~~~~~~~~~
..\src\common\gui/winvideo.h(236,42): : warning : ISO C++11 does not allow conversion from string literal to 'LPSTR' (aka 'char *') [-Wwritable-strings]
          if(!g_handles[0]) { DisplayError("Can't create thread"); return; }
                                           ^
..\src\common\gui\gdivideo.cpp(34,9): : warning : variable 'retval' set but not used [-Wunused-but-set-variable]
      int retval = 0;
          ^
..\src\common\gui\gdivideo.cpp(68,48): : error : call to member function 'DrawImage' is ambiguous
                  if(g_video->updating) graphics.DrawImage(g_pBitmap, ps.rcPaint.left, ps.rcPaint.top, ps.rcPaint.left, ps.rcPaint.top,
                                        ~~~~~~~~~^~~~~~~~~
  C:\Program Files (x86)\Windows Kits\10\Include\10.0.19041.0\um/GdiplusGraphics.h(1618,12): note: candidate function
      Status DrawImage(IN Image* image,
             ^
  C:\Program Files (x86)\Windows Kits\10\Include\10.0.19041.0\um/GdiplusGraphics.h(1690,12): note: candidate function
      Status DrawImage(IN Image* image,
             ^
..\src\common\gui\gdivideo.cpp(101,22): : warning : ISO C++11 does not allow conversion from string literal to 'LPSTR' (aka 'char *') [-Wwritable-strings]
          DisplayError("Unable to initialize the program's window.");
                       ^
..\src\common\gui\gdivideo.cpp(123,42): : warning : initializer order does not match the declaration order [-Wreorder-ctor]
  : start_x(x), start_y(y), size_x(sizex), size_y(sizey), pixel_depth(24),
    ~~~~~~~~~~  ~~~~~~~~~~  ~~~~~~~~~~~~~  ^~~~~~~~~~~~~  ~~~~~~~~~~~~~~~
    base_index(y*g_sizex + x) max_index(g_sizex*g_sizey) index_stride(g_sizex) pixel_depth(24) ptr32(g_pImg)
  ..\src\common\gui\gdivideo.cpp(123,42): note: field 'size_y' will be initialized after field 'pixel_depth'
  : start_x(x), start_y(y), size_x(sizex), size_y(sizey), pixel_depth(24),
                                           ^~~~~~~~~~~~~
  ..\src\common\gui\gdivideo.cpp(123,57): note: field 'pixel_depth' will be initialized after field 'base_index'
  : start_x(x), start_y(y), size_x(sizex), size_y(sizey), pixel_depth(24),
                                                          ^~~~~~~~~~~~~~~
  In file included from ..\src\common\gui\gdivideo.cpp:16:
  In file included from ..\src\common\gui/winvideo.h:33:
..\src\common\gui/video.h(119,30): : warning : private field 'max_index' is not used [-Wunused-private-field]
      const size_t base_index, max_index, index_stride;
                               ^
  12 warnings and 1 error generated.
