c:\users\jgilmour\onedrive - intel corporation\documents\visual studio 2022\tachyon_windows\compiler_c\tachyon_samples\msvs2017\tachyon.common_win32_release\tachyon.common.pdb
c:\users\jgilmour\onedrive - intel corporation\documents\visual studio 2022\tachyon_windows\compiler_c\tachyon_samples\msvs2017\tachyon.common_win32_release\parse.obj
c:\users\jgilmour\onedrive - intel corporation\documents\visual studio 2022\tachyon_windows\compiler_c\tachyon_samples\msvs2017\tachyon.common_win32_release\objbound.obj
c:\users\jgilmour\onedrive - intel corporation\documents\visual studio 2022\tachyon_windows\compiler_c\tachyon_samples\msvs2017\tachyon.common_win32_release\main.obj
c:\users\jgilmour\onedrive - intel corporation\documents\visual studio 2022\tachyon_windows\compiler_c\tachyon_samples\msvs2017\tachyon.common_win32_release\light.obj
c:\users\jgilmour\onedrive - intel corporation\documents\visual studio 2022\tachyon_windows\compiler_c\tachyon_samples\msvs2017\tachyon.common_win32_release\jpeg.obj
c:\users\jgilmour\onedrive - intel corporation\documents\visual studio 2022\tachyon_windows\compiler_c\tachyon_samples\msvs2017\tachyon.common_win32_release\intersect.obj
c:\users\jgilmour\onedrive - intel corporation\documents\visual studio 2022\tachyon_windows\compiler_c\tachyon_samples\msvs2017\tachyon.common_win32_release\imap.obj
c:\users\jgilmour\onedrive - intel corporation\documents\visual studio 2022\tachyon_windows\compiler_c\tachyon_samples\msvs2017\tachyon.common_win32_release\imageio.obj
c:\users\jgilmour\onedrive - intel corporation\documents\visual studio 2022\tachyon_windows\compiler_c\tachyon_samples\msvs2017\tachyon.common_win32_release\grid.obj
c:\users\jgilmour\onedrive - intel corporation\documents\visual studio 2022\tachyon_windows\compiler_c\tachyon_samples\msvs2017\tachyon.common_win32_release\global.obj
c:\users\jgilmour\onedrive - intel corporation\documents\visual studio 2022\tachyon_windows\compiler_c\tachyon_samples\msvs2017\tachyon.common_win32_release\extvol.obj
c:\users\jgilmour\onedrive - intel corporation\documents\visual studio 2022\tachyon_windows\compiler_c\tachyon_samples\msvs2017\tachyon.common_win32_release\cylinder.obj
c:\users\jgilmour\onedrive - intel corporation\documents\visual studio 2022\tachyon_windows\compiler_c\tachyon_samples\msvs2017\tachyon.common_win32_release\coordsys.obj
c:\users\jgilmour\onedrive - intel corporation\documents\visual studio 2022\tachyon_windows\compiler_c\tachyon_samples\msvs2017\tachyon.common_win32_release\gdivideo.obj
c:\users\jgilmour\onedrive - intel corporation\documents\visual studio 2022\tachyon_windows\compiler_c\tachyon_samples\msvs2017\tachyon.common_win32_release\camera.obj
c:\users\jgilmour\onedrive - intel corporation\documents\visual studio 2022\tachyon_windows\compiler_c\tachyon_samples\msvs2017\tachyon.common_win32_release\box.obj
c:\users\jgilmour\onedrive - intel corporation\documents\visual studio 2022\tachyon_windows\compiler_c\tachyon_samples\msvs2017\tachyon.common_win32_release\bndbox.obj
c:\users\jgilmour\onedrive - intel corporation\documents\visual studio 2022\tachyon_windows\compiler_c\tachyon_samples\msvs2017\tachyon.common_win32_release\apitrigeom.obj
c:\users\jgilmour\onedrive - intel corporation\documents\visual studio 2022\tachyon_windows\compiler_c\tachyon_samples\msvs2017\tachyon.common_win32_release\apigeom.obj
c:\users\jgilmour\onedrive - intel corporation\documents\visual studio 2022\tachyon_windows\compiler_c\tachyon_samples\msvs2017\tachyon.common_win32_release\api.obj
c:\users\jgilmour\onedrive - intel corporation\documents\visual studio 2022\tachyon_windows\compiler_c\tachyon_samples\msvs2017\tachyon.common_win32_release\vol.obj
c:\users\jgilmour\onedrive - intel corporation\documents\visual studio 2022\tachyon_windows\compiler_c\tachyon_samples\msvs2017\tachyon.common_win32_release\vector.obj
c:\users\jgilmour\onedrive - intel corporation\documents\visual studio 2022\tachyon_windows\compiler_c\tachyon_samples\msvs2017\tachyon.common_win32_release\util.obj
c:\users\jgilmour\onedrive - intel corporation\documents\visual studio 2022\tachyon_windows\compiler_c\tachyon_samples\msvs2017\tachyon.common_win32_release\ui.obj
c:\users\jgilmour\onedrive - intel corporation\documents\visual studio 2022\tachyon_windows\compiler_c\tachyon_samples\msvs2017\tachyon.common_win32_release\triangle.obj
c:\users\jgilmour\onedrive - intel corporation\documents\visual studio 2022\tachyon_windows\compiler_c\tachyon_samples\msvs2017\tachyon.common_win32_release\trace_rest.obj
c:\users\jgilmour\onedrive - intel corporation\documents\visual studio 2022\tachyon_windows\compiler_c\tachyon_samples\msvs2017\tachyon.common_win32_release\tgafile.obj
c:\users\jgilmour\onedrive - intel corporation\documents\visual studio 2022\tachyon_windows\compiler_c\tachyon_samples\msvs2017\tachyon.common_win32_release\texture.obj
c:\users\jgilmour\onedrive - intel corporation\documents\visual studio 2022\tachyon_windows\compiler_c\tachyon_samples\msvs2017\tachyon.common_win32_release\tachyon_video.obj
c:\users\jgilmour\onedrive - intel corporation\documents\visual studio 2022\tachyon_windows\compiler_c\tachyon_samples\msvs2017\tachyon.common_win32_release\sphere.obj
c:\users\jgilmour\onedrive - intel corporation\documents\visual studio 2022\tachyon_windows\compiler_c\tachyon_samples\msvs2017\tachyon.common_win32_release\shade.obj
c:\users\jgilmour\onedrive - intel corporation\documents\visual studio 2022\tachyon_windows\compiler_c\tachyon_samples\msvs2017\tachyon.common_win32_release\ring.obj
c:\users\jgilmour\onedrive - intel corporation\documents\visual studio 2022\tachyon_windows\compiler_c\tachyon_samples\msvs2017\tachyon.common_win32_release\render.obj
c:\users\jgilmour\onedrive - intel corporation\documents\visual studio 2022\tachyon_windows\compiler_c\tachyon_samples\msvs2017\tachyon.common_win32_release\quadric.obj
c:\users\jgilmour\onedrive - intel corporation\documents\visual studio 2022\tachyon_windows\compiler_c\tachyon_samples\msvs2017\tachyon.common_win32_release\pthread.obj
c:\users\jgilmour\onedrive - intel corporation\documents\visual studio 2022\tachyon_windows\compiler_c\tachyon_samples\msvs2017\tachyon.common_win32_release\ppm.obj
c:\users\jgilmour\onedrive - intel corporation\documents\visual studio 2022\tachyon_windows\compiler_c\tachyon_samples\msvs2017\tachyon.common_win32_release\plane.obj
c:\users\jgilmour\onedrive - intel corporation\documents\visual studio 2022\tachyon_windows\compiler_c\tachyon_samples\msvs2017\tachyon.common_win32_release\tachyon.common.lib
c:\users\jgilmour\onedrive - intel corporation\documents\visual studio 2022\tachyon_windows\compiler_c\tachyon_samples\msvs2017\tachyon.common_win32_release\gui.res
c:\users\jgilmour\onedrive - intel corporation\documents\visual studio 2022\tachyon_windows\compiler_c\tachyon_samples\msvs2017\tachyon.common_win32_release\tachyon.common.tlog\cl.command.1.tlog
c:\users\jgilmour\onedrive - intel corporation\documents\visual studio 2022\tachyon_windows\compiler_c\tachyon_samples\msvs2017\tachyon.common_win32_release\tachyon.common.tlog\cl.read.1.tlog
c:\users\jgilmour\onedrive - intel corporation\documents\visual studio 2022\tachyon_windows\compiler_c\tachyon_samples\msvs2017\tachyon.common_win32_release\tachyon.common.tlog\cl.write.1.tlog
c:\users\jgilmour\onedrive - intel corporation\documents\visual studio 2022\tachyon_windows\compiler_c\tachyon_samples\msvs2017\tachyon.common_win32_release\tachyon.common.tlog\lib-link-cvtres.read.1.tlog
c:\users\jgilmour\onedrive - intel corporation\documents\visual studio 2022\tachyon_windows\compiler_c\tachyon_samples\msvs2017\tachyon.common_win32_release\tachyon.common.tlog\lib-link-cvtres.write.1.tlog
c:\users\jgilmour\onedrive - intel corporation\documents\visual studio 2022\tachyon_windows\compiler_c\tachyon_samples\msvs2017\tachyon.common_win32_release\tachyon.common.tlog\lib.command.1.tlog
c:\users\jgilmour\onedrive - intel corporation\documents\visual studio 2022\tachyon_windows\compiler_c\tachyon_samples\msvs2017\tachyon.common_win32_release\tachyon.common.tlog\rc.command.1.tlog
c:\users\jgilmour\onedrive - intel corporation\documents\visual studio 2022\tachyon_windows\compiler_c\tachyon_samples\msvs2017\tachyon.common_win32_release\tachyon.common.tlog\rc.read.1.tlog
c:\users\jgilmour\onedrive - intel corporation\documents\visual studio 2022\tachyon_windows\compiler_c\tachyon_samples\msvs2017\tachyon.common_win32_release\tachyon.common.tlog\rc.write.1.tlog
