c:\users\eriis\onedrive - intel corporation\documents\tachyon_julie\tachyon_samples\msvs2017\build_with_tbb_x64_release\tachyon.tbb.obj
c:\users\eriis\appdata\local\temp\lnk{780d9e16-dc96-41d7-8103-1cf6cb4ee3fd}.tmp
c:\users\eriis\onedrive - intel corporation\documents\tachyon_julie\tachyon_samples\msvs2017\build_with_tbb_x64_release\build_with_tbb.exe
c:\users\eriis\onedrive - intel corporation\documents\tachyon_julie\tachyon_samples\msvs2017\build_with_tbb_x64_release\build_with_tbb.pdb
c:\users\eriis\onedrive - intel corporation\documents\tachyon_julie\tachyon_samples\msvs2017\build_with_tbb_x64_release\build_with_tbb.tlog\icl-mcpcom.read.1.tlog
c:\users\eriis\onedrive - intel corporation\documents\tachyon_julie\tachyon_samples\msvs2017\build_with_tbb_x64_release\build_with_tbb.tlog\icl-mcpcom.write.1.tlog
c:\users\eriis\onedrive - intel corporation\documents\tachyon_julie\tachyon_samples\msvs2017\build_with_tbb_x64_release\build_with_tbb.tlog\icl.command.1.tlog
c:\users\eriis\onedrive - intel corporation\documents\tachyon_julie\tachyon_samples\msvs2017\build_with_tbb_x64_release\build_with_tbb.tlog\icl.read.1.tlog
c:\users\eriis\onedrive - intel corporation\documents\tachyon_julie\tachyon_samples\msvs2017\build_with_tbb_x64_release\build_with_tbb.tlog\icl.write.1.tlog
c:\users\eriis\onedrive - intel corporation\documents\tachyon_julie\tachyon_samples\msvs2017\build_with_tbb_x64_release\build_with_tbb.tlog\xilink-link-cvtres.read.1.tlog
c:\users\eriis\onedrive - intel corporation\documents\tachyon_julie\tachyon_samples\msvs2017\build_with_tbb_x64_release\build_with_tbb.tlog\xilink-link-cvtres.write.1.tlog
c:\users\eriis\onedrive - intel corporation\documents\tachyon_julie\tachyon_samples\msvs2017\build_with_tbb_x64_release\build_with_tbb.tlog\xilink-link-rc.read.1.tlog
c:\users\eriis\onedrive - intel corporation\documents\tachyon_julie\tachyon_samples\msvs2017\build_with_tbb_x64_release\build_with_tbb.tlog\xilink-link-rc.write.1.tlog
c:\users\eriis\onedrive - intel corporation\documents\tachyon_julie\tachyon_samples\msvs2017\build_with_tbb_x64_release\build_with_tbb.tlog\xilink-link.read.1.tlog
c:\users\eriis\onedrive - intel corporation\documents\tachyon_julie\tachyon_samples\msvs2017\build_with_tbb_x64_release\build_with_tbb.tlog\xilink-link.write.1.tlog
c:\users\eriis\onedrive - intel corporation\documents\tachyon_julie\tachyon_samples\msvs2017\build_with_tbb_x64_release\build_with_tbb.tlog\xilink-mcpcom.read.1.tlog
c:\users\eriis\onedrive - intel corporation\documents\tachyon_julie\tachyon_samples\msvs2017\build_with_tbb_x64_release\build_with_tbb.tlog\xilink-mcpcom.write.1.tlog
c:\users\eriis\onedrive - intel corporation\documents\tachyon_julie\tachyon_samples\msvs2017\build_with_tbb_x64_release\build_with_tbb.tlog\xilink.command.1.tlog
c:\users\eriis\onedrive - intel corporation\documents\tachyon_julie\tachyon_samples\msvs2017\build_with_tbb_x64_release\build_with_tbb.tlog\xilink.read.1.tlog
c:\users\eriis\onedrive - intel corporation\documents\tachyon_julie\tachyon_samples\msvs2017\build_with_tbb_x64_release\build_with_tbb.tlog\xilink.write.1.tlog
