c:\users\eriis\onedrive - intel corporation\documents\tachyon_julie\tachyon_samples\msvs2017\build_with_tbb_x64_debug\tachyon.tbb.obj
c:\users\eriis\onedrive - intel corporation\documents\tachyon_julie\tachyon_samples\msvs2017\build_with_tbb_x64_debug\tachyon.tbb.pdb
c:\users\eriis\appdata\local\temp\lnk{800fa2cb-44ab-480b-a1a8-76515ddafa02}.tmp
c:\users\eriis\appdata\local\temp\lnk{4fe34786-196d-412a-8da6-53907e67dd30}.tmp
c:\users\eriis\appdata\local\temp\lnk{ef8ec931-37cd-413a-af5a-f5202dcb2730}.tmp
c:\users\eriis\appdata\local\temp\lnk{8dfa3469-7d0e-4964-8126-35454c14b232}.tmp
c:\users\eriis\appdata\local\temp\lnk{6c0b78d1-6943-4562-bbc1-08a8d39083a9}.tmp
c:\users\eriis\appdata\local\temp\lnk{e6836fe0-68ce-4019-a545-1b57840b5d26}.tmp
c:\users\eriis\appdata\local\temp\lnk{fd6a64c1-bb90-41e1-89ae-c4e5b086daea}.tmp
c:\users\eriis\onedrive - intel corporation\documents\tachyon_julie\tachyon_samples\msvs2017\build_with_tbb_x64_debug\build_with_tbb.exe
c:\users\eriis\onedrive - intel corporation\documents\tachyon_julie\tachyon_samples\msvs2017\build_with_tbb_x64_debug\build_with_tbb.pdb
c:\users\eriis\onedrive - intel corporation\documents\tachyon_julie\tachyon_samples\msvs2017\build_with_tbb_x64_debug\build_with_tbb.tlog\icl-mcpcom.read.1.tlog
c:\users\eriis\onedrive - intel corporation\documents\tachyon_julie\tachyon_samples\msvs2017\build_with_tbb_x64_debug\build_with_tbb.tlog\icl-mcpcom.write.1.tlog
c:\users\eriis\onedrive - intel corporation\documents\tachyon_julie\tachyon_samples\msvs2017\build_with_tbb_x64_debug\build_with_tbb.tlog\icl.command.1.tlog
c:\users\eriis\onedrive - intel corporation\documents\tachyon_julie\tachyon_samples\msvs2017\build_with_tbb_x64_debug\build_with_tbb.tlog\icl.read.1.tlog
c:\users\eriis\onedrive - intel corporation\documents\tachyon_julie\tachyon_samples\msvs2017\build_with_tbb_x64_debug\build_with_tbb.tlog\icl.write.1.tlog
c:\users\eriis\onedrive - intel corporation\documents\tachyon_julie\tachyon_samples\msvs2017\build_with_tbb_x64_debug\build_with_tbb.tlog\xilink-link-cvtres.read.1.tlog
c:\users\eriis\onedrive - intel corporation\documents\tachyon_julie\tachyon_samples\msvs2017\build_with_tbb_x64_debug\build_with_tbb.tlog\xilink-link-cvtres.write.1.tlog
c:\users\eriis\onedrive - intel corporation\documents\tachyon_julie\tachyon_samples\msvs2017\build_with_tbb_x64_debug\build_with_tbb.tlog\xilink-link-rc.read.1.tlog
c:\users\eriis\onedrive - intel corporation\documents\tachyon_julie\tachyon_samples\msvs2017\build_with_tbb_x64_debug\build_with_tbb.tlog\xilink-link-rc.write.1.tlog
c:\users\eriis\onedrive - intel corporation\documents\tachyon_julie\tachyon_samples\msvs2017\build_with_tbb_x64_debug\build_with_tbb.tlog\xilink-link.read.1.tlog
c:\users\eriis\onedrive - intel corporation\documents\tachyon_julie\tachyon_samples\msvs2017\build_with_tbb_x64_debug\build_with_tbb.tlog\xilink-link.read.2.tlog
c:\users\eriis\onedrive - intel corporation\documents\tachyon_julie\tachyon_samples\msvs2017\build_with_tbb_x64_debug\build_with_tbb.tlog\xilink-link.write.1.tlog
c:\users\eriis\onedrive - intel corporation\documents\tachyon_julie\tachyon_samples\msvs2017\build_with_tbb_x64_debug\build_with_tbb.tlog\xilink.command.1.tlog
c:\users\eriis\onedrive - intel corporation\documents\tachyon_julie\tachyon_samples\msvs2017\build_with_tbb_x64_debug\build_with_tbb.tlog\xilink.read.1.tlog
c:\users\eriis\onedrive - intel corporation\documents\tachyon_julie\tachyon_samples\msvs2017\build_with_tbb_x64_debug\build_with_tbb.tlog\xilink.write.1.tlog
