c:\users\eriis\onedrive - intel corporation\documents\tachyon_julie\tachyon_samples\msvs2017\build_with_openmp_solution_x64_release\tachyon.openmp_solution.obj
c:\users\eriis\appdata\local\temp\lnk{c049295a-4b35-47e6-8dc1-899bac5c57eb}.tmp
c:\users\eriis\onedrive - intel corporation\documents\tachyon_julie\tachyon_samples\msvs2017\build_with_openmp_solution_x64_release\build_with_openmp_solution.exe
c:\users\eriis\onedrive - intel corporation\documents\tachyon_julie\tachyon_samples\msvs2017\build_with_openmp_solution_x64_release\build_with_openmp_solution.pdb
c:\users\eriis\onedrive - intel corporation\documents\tachyon_julie\tachyon_samples\msvs2017\build_with_openmp_solution_x64_release\build_wi.a4e25dbd.tlog\icl-mcpcom.read.1.tlog
c:\users\eriis\onedrive - intel corporation\documents\tachyon_julie\tachyon_samples\msvs2017\build_with_openmp_solution_x64_release\build_wi.a4e25dbd.tlog\icl-mcpcom.write.1.tlog
c:\users\eriis\onedrive - intel corporation\documents\tachyon_julie\tachyon_samples\msvs2017\build_with_openmp_solution_x64_release\build_wi.a4e25dbd.tlog\icl.command.1.tlog
c:\users\eriis\onedrive - intel corporation\documents\tachyon_julie\tachyon_samples\msvs2017\build_with_openmp_solution_x64_release\build_wi.a4e25dbd.tlog\icl.read.1.tlog
c:\users\eriis\onedrive - intel corporation\documents\tachyon_julie\tachyon_samples\msvs2017\build_with_openmp_solution_x64_release\build_wi.a4e25dbd.tlog\icl.write.1.tlog
c:\users\eriis\onedrive - intel corporation\documents\tachyon_julie\tachyon_samples\msvs2017\build_with_openmp_solution_x64_release\build_wi.a4e25dbd.tlog\xilink-link-cvtres.read.1.tlog
c:\users\eriis\onedrive - intel corporation\documents\tachyon_julie\tachyon_samples\msvs2017\build_with_openmp_solution_x64_release\build_wi.a4e25dbd.tlog\xilink-link-cvtres.write.1.tlog
c:\users\eriis\onedrive - intel corporation\documents\tachyon_julie\tachyon_samples\msvs2017\build_with_openmp_solution_x64_release\build_wi.a4e25dbd.tlog\xilink-link-rc.read.1.tlog
c:\users\eriis\onedrive - intel corporation\documents\tachyon_julie\tachyon_samples\msvs2017\build_with_openmp_solution_x64_release\build_wi.a4e25dbd.tlog\xilink-link-rc.write.1.tlog
c:\users\eriis\onedrive - intel corporation\documents\tachyon_julie\tachyon_samples\msvs2017\build_with_openmp_solution_x64_release\build_wi.a4e25dbd.tlog\xilink-link.read.1.tlog
c:\users\eriis\onedrive - intel corporation\documents\tachyon_julie\tachyon_samples\msvs2017\build_with_openmp_solution_x64_release\build_wi.a4e25dbd.tlog\xilink-link.write.1.tlog
c:\users\eriis\onedrive - intel corporation\documents\tachyon_julie\tachyon_samples\msvs2017\build_with_openmp_solution_x64_release\build_wi.a4e25dbd.tlog\xilink-mcpcom.read.1.tlog
c:\users\eriis\onedrive - intel corporation\documents\tachyon_julie\tachyon_samples\msvs2017\build_with_openmp_solution_x64_release\build_wi.a4e25dbd.tlog\xilink-mcpcom.write.1.tlog
c:\users\eriis\onedrive - intel corporation\documents\tachyon_julie\tachyon_samples\msvs2017\build_with_openmp_solution_x64_release\build_wi.a4e25dbd.tlog\xilink.command.1.tlog
c:\users\eriis\onedrive - intel corporation\documents\tachyon_julie\tachyon_samples\msvs2017\build_with_openmp_solution_x64_release\build_wi.a4e25dbd.tlog\xilink.read.1.tlog
c:\users\eriis\onedrive - intel corporation\documents\tachyon_julie\tachyon_samples\msvs2017\build_with_openmp_solution_x64_release\build_wi.a4e25dbd.tlog\xilink.write.1.tlog
