icl: : warning #10182: disabling optimization; runtime debug checks enabled
  api.cpp
  apigeom.cpp
  apitrigeom.cpp
  bndbox.cpp
  box.cpp
  camera.cpp
  gdivideo.cpp
  coordsys.cpp
  cylinder.cpp
  extvol.cpp
  global.cpp
  grid.cpp
  imageio.cpp
  imap.cpp
  intersect.cpp
  jpeg.cpp
  light.cpp
  main.cpp
  objbound.cpp
  parse.cpp
  plane.cpp
  ppm.cpp
  pthread.cpp
  quadric.cpp
  render.cpp
  ring.cpp
  shade.cpp
  sphere.cpp
  tachyon_video.cpp
  texture.cpp
  tgafile.cpp
  trace_rest.cpp
  triangle.cpp
  ui.cpp
  util.cpp
  vector.cpp
  vol.cpp
  tachyon.vcxproj -> C:\Users\eriis\OneDrive - Intel Corporation\Documents\tachyon_julie\tachyon_samples\msvs2017\tachyon.common_x64_Debug\tachyon.common.lib
