  In file included from ..\src\tachyon.serial\tachyon.serial.cpp:66:
  In file included from ..\src\tachyon_video.h:44:
..\src/common/gui/video.h(167,9): : warning : 'register' storage class specifier is deprecated and incompatible with C++17 [-Wdeprecated-register]
          register depth_t bs = blue_shift, rs = red_shift;
          ^~~~~~~~~
..\src/common/gui/video.h(167,9): : warning : 'register' storage class specifier is deprecated and incompatible with C++17 [-Wdeprecated-register]
          register depth_t bs = blue_shift, rs = red_shift;
          ^~~~~~~~~
..\src/common/gui/video.h(172,9): : warning : 'register' storage class specifier is deprecated and incompatible with C++17 [-Wdeprecated-register]
          register unsigned y, u, v;
          ^~~~~~~~~
..\src/common/gui/video.h(172,9): : warning : 'register' storage class specifier is deprecated and incompatible with C++17 [-Wdeprecated-register]
          register unsigned y, u, v;
          ^~~~~~~~~
..\src/common/gui/video.h(172,9): : warning : 'register' storage class specifier is deprecated and incompatible with C++17 [-Wdeprecated-register]
          register unsigned y, u, v;
          ^~~~~~~~~
..\src/common/gui/video.h(182,46): : warning : initializer order does not match the declaration order [-Wreorder-ctor]
      : start_x(x), start_y(y), size_x(sizex), size_y(sizey), pixel_depth(dmem.pixel_depth),
        ~~~~~~~~~~  ~~~~~~~~~~  ~~~~~~~~~~~~~  ^~~~~~~~~~~~~  ~~~~~~~~~~~~~~~~~~~~~~~~~~~~~
        base_index(y*dmem.sizex + x) max_index(dmem.sizex*dmem.sizey) index_stride(dmem.sizex) pixel_depth(dmem.pixel_depth) ptr32(reinterpret_cast<unsigned int*>(dmem.my_address))
  ..\src/common/gui/video.h(182,46): note: field 'size_y' will be initialized after field 'pixel_depth'
      : start_x(x), start_y(y), size_x(sizex), size_y(sizey), pixel_depth(dmem.pixel_depth),
                                               ^~~~~~~~~~~~~
  ..\src/common/gui/video.h(182,61): note: field 'pixel_depth' will be initialized after field 'base_index'
      : start_x(x), start_y(y), size_x(sizex), size_y(sizey), pixel_depth(dmem.pixel_depth),
                                                              ^~~~~~~~~~~~~~~~~~~~~~~~~~~~~
..\src\tachyon.serial\tachyon.serial.cpp(82,18): : warning : unused variable 'sample' [-Wunused-variable]
      ray primary, sample;
                   ^
..\src\tachyon.serial\tachyon.serial.cpp(83,16): : warning : unused variable 'avcol' [-Wunused-variable]
      color col, avcol;
                 ^
..\src\tachyon.serial\tachyon.serial.cpp(86,9): : warning : unused variable 'alias' [-Wunused-variable]
      int alias;
          ^
  9 warnings generated.
lld-link: : error : could not open 'C:\Users\jgilmour\OneDrive - Intel Corporation\Documents\Visual Studio 2022\Tachyon_Windows\compiler_c\tachyon_samples\msvs2017\tachyon.common_Win32_Release\tachyon.common.lib': no such file or directory
