  In file included from ..\src\tachyon.serial\tachyon.serial.cpp:65:
  In file included from ..\src\tachyon_video.h:44:
..\src/common/gui/video.h(182,46): : warning : initializer order does not match the declaration order [-Wreorder-ctor]
      : start_x(x), start_y(y), size_x(sizex), size_y(sizey), pixel_depth(dmem.pixel_depth),
        ~~~~~~~~~~  ~~~~~~~~~~  ~~~~~~~~~~~~~  ^~~~~~~~~~~~~  ~~~~~~~~~~~~~~~~~~~~~~~~~~~~~
        base_index(y*dmem.sizex + x) max_index(dmem.sizex*dmem.sizey) index_stride(dmem.sizex) pixel_depth(dmem.pixel_depth) ptr32(reinterpret_cast<unsigned int*>(dmem.my_address))
  ..\src/common/gui/video.h(182,46): note: field 'size_y' will be initialized after field 'pixel_depth'
      : start_x(x), start_y(y), size_x(sizex), size_y(sizey), pixel_depth(dmem.pixel_depth),
                                               ^~~~~~~~~~~~~
  ..\src/common/gui/video.h(182,61): note: field 'pixel_depth' will be initialized after field 'base_index'
      : start_x(x), start_y(y), size_x(sizex), size_y(sizey), pixel_depth(dmem.pixel_depth),
                                                              ^~~~~~~~~~~~~~~~~~~~~~~~~~~~~
..\src\tachyon.serial\tachyon.serial.cpp(83,18): : warning : unused variable 'sample' [-Wunused-variable]
      ray primary, sample;
                   ^
..\src\tachyon.serial\tachyon.serial.cpp(87,9): : warning : unused variable 'alias' [-Wunused-variable]
      int alias;
          ^
..\src\tachyon.serial\tachyon.serial.cpp(84,16): : warning : unused variable 'avcol' [-Wunused-variable]
      color col, avcol;
                 ^
  4 warnings generated.
  build_serial.vcxproj -> C:\Users\eriis\OneDrive - Intel Corporation\Documents\tachyon_julie\tachyon_samples\msvs2017\build_serial_x64_Debug\build_serial.exe
