c:\users\eriis\onedrive - intel corporation\documents\tachyon_julie\tachyon_samples\msvs2017\tachyon.common_x64_release\api.obj
c:\users\eriis\onedrive - intel corporation\documents\tachyon_julie\tachyon_samples\msvs2017\tachyon.common_x64_release\apigeom.obj
c:\users\eriis\onedrive - intel corporation\documents\tachyon_julie\tachyon_samples\msvs2017\tachyon.common_x64_release\apitrigeom.obj
c:\users\eriis\onedrive - intel corporation\documents\tachyon_julie\tachyon_samples\msvs2017\tachyon.common_x64_release\bndbox.obj
c:\users\eriis\onedrive - intel corporation\documents\tachyon_julie\tachyon_samples\msvs2017\tachyon.common_x64_release\box.obj
c:\users\eriis\onedrive - intel corporation\documents\tachyon_julie\tachyon_samples\msvs2017\tachyon.common_x64_release\camera.obj
c:\users\eriis\onedrive - intel corporation\documents\tachyon_julie\tachyon_samples\msvs2017\tachyon.common_x64_release\gdivideo.obj
c:\users\eriis\onedrive - intel corporation\documents\tachyon_julie\tachyon_samples\msvs2017\tachyon.common_x64_release\coordsys.obj
c:\users\eriis\onedrive - intel corporation\documents\tachyon_julie\tachyon_samples\msvs2017\tachyon.common_x64_release\cylinder.obj
c:\users\eriis\onedrive - intel corporation\documents\tachyon_julie\tachyon_samples\msvs2017\tachyon.common_x64_release\extvol.obj
c:\users\eriis\onedrive - intel corporation\documents\tachyon_julie\tachyon_samples\msvs2017\tachyon.common_x64_release\global.obj
c:\users\eriis\onedrive - intel corporation\documents\tachyon_julie\tachyon_samples\msvs2017\tachyon.common_x64_release\grid.obj
c:\users\eriis\onedrive - intel corporation\documents\tachyon_julie\tachyon_samples\msvs2017\tachyon.common_x64_release\imageio.obj
c:\users\eriis\onedrive - intel corporation\documents\tachyon_julie\tachyon_samples\msvs2017\tachyon.common_x64_release\imap.obj
c:\users\eriis\onedrive - intel corporation\documents\tachyon_julie\tachyon_samples\msvs2017\tachyon.common_x64_release\intersect.obj
c:\users\eriis\onedrive - intel corporation\documents\tachyon_julie\tachyon_samples\msvs2017\tachyon.common_x64_release\jpeg.obj
c:\users\eriis\onedrive - intel corporation\documents\tachyon_julie\tachyon_samples\msvs2017\tachyon.common_x64_release\light.obj
c:\users\eriis\onedrive - intel corporation\documents\tachyon_julie\tachyon_samples\msvs2017\tachyon.common_x64_release\main.obj
c:\users\eriis\onedrive - intel corporation\documents\tachyon_julie\tachyon_samples\msvs2017\tachyon.common_x64_release\objbound.obj
c:\users\eriis\onedrive - intel corporation\documents\tachyon_julie\tachyon_samples\msvs2017\tachyon.common_x64_release\parse.obj
c:\users\eriis\onedrive - intel corporation\documents\tachyon_julie\tachyon_samples\msvs2017\tachyon.common_x64_release\plane.obj
c:\users\eriis\onedrive - intel corporation\documents\tachyon_julie\tachyon_samples\msvs2017\tachyon.common_x64_release\ppm.obj
c:\users\eriis\onedrive - intel corporation\documents\tachyon_julie\tachyon_samples\msvs2017\tachyon.common_x64_release\pthread.obj
c:\users\eriis\onedrive - intel corporation\documents\tachyon_julie\tachyon_samples\msvs2017\tachyon.common_x64_release\quadric.obj
c:\users\eriis\onedrive - intel corporation\documents\tachyon_julie\tachyon_samples\msvs2017\tachyon.common_x64_release\render.obj
c:\users\eriis\onedrive - intel corporation\documents\tachyon_julie\tachyon_samples\msvs2017\tachyon.common_x64_release\ring.obj
c:\users\eriis\onedrive - intel corporation\documents\tachyon_julie\tachyon_samples\msvs2017\tachyon.common_x64_release\shade.obj
c:\users\eriis\onedrive - intel corporation\documents\tachyon_julie\tachyon_samples\msvs2017\tachyon.common_x64_release\sphere.obj
c:\users\eriis\onedrive - intel corporation\documents\tachyon_julie\tachyon_samples\msvs2017\tachyon.common_x64_release\tachyon_video.obj
c:\users\eriis\onedrive - intel corporation\documents\tachyon_julie\tachyon_samples\msvs2017\tachyon.common_x64_release\texture.obj
c:\users\eriis\onedrive - intel corporation\documents\tachyon_julie\tachyon_samples\msvs2017\tachyon.common_x64_release\tgafile.obj
c:\users\eriis\onedrive - intel corporation\documents\tachyon_julie\tachyon_samples\msvs2017\tachyon.common_x64_release\trace_rest.obj
c:\users\eriis\onedrive - intel corporation\documents\tachyon_julie\tachyon_samples\msvs2017\tachyon.common_x64_release\triangle.obj
c:\users\eriis\onedrive - intel corporation\documents\tachyon_julie\tachyon_samples\msvs2017\tachyon.common_x64_release\ui.obj
c:\users\eriis\onedrive - intel corporation\documents\tachyon_julie\tachyon_samples\msvs2017\tachyon.common_x64_release\util.obj
c:\users\eriis\onedrive - intel corporation\documents\tachyon_julie\tachyon_samples\msvs2017\tachyon.common_x64_release\vector.obj
c:\users\eriis\onedrive - intel corporation\documents\tachyon_julie\tachyon_samples\msvs2017\tachyon.common_x64_release\vol.obj
c:\users\eriis\onedrive - intel corporation\documents\tachyon_julie\tachyon_samples\msvs2017\tachyon.common_x64_release\gui.res
c:\users\eriis\onedrive - intel corporation\documents\tachyon_julie\tachyon_samples\msvs2017\tachyon.common_x64_release\tachyon.common.lib
c:\users\eriis\onedrive - intel corporation\documents\tachyon_julie\tachyon_samples\msvs2017\tachyon.common_x64_release\tachyon.common.tlog\icl-mcpcom.read.1.tlog
c:\users\eriis\onedrive - intel corporation\documents\tachyon_julie\tachyon_samples\msvs2017\tachyon.common_x64_release\tachyon.common.tlog\icl-mcpcom.write.1.tlog
c:\users\eriis\onedrive - intel corporation\documents\tachyon_julie\tachyon_samples\msvs2017\tachyon.common_x64_release\tachyon.common.tlog\icl.command.1.tlog
c:\users\eriis\onedrive - intel corporation\documents\tachyon_julie\tachyon_samples\msvs2017\tachyon.common_x64_release\tachyon.common.tlog\icl.read.1.tlog
c:\users\eriis\onedrive - intel corporation\documents\tachyon_julie\tachyon_samples\msvs2017\tachyon.common_x64_release\tachyon.common.tlog\icl.write.1.tlog
c:\users\eriis\onedrive - intel corporation\documents\tachyon_julie\tachyon_samples\msvs2017\tachyon.common_x64_release\tachyon.common.tlog\rc.command.1.tlog
c:\users\eriis\onedrive - intel corporation\documents\tachyon_julie\tachyon_samples\msvs2017\tachyon.common_x64_release\tachyon.common.tlog\rc.read.1.tlog
c:\users\eriis\onedrive - intel corporation\documents\tachyon_julie\tachyon_samples\msvs2017\tachyon.common_x64_release\tachyon.common.tlog\rc.write.1.tlog
c:\users\eriis\onedrive - intel corporation\documents\tachyon_julie\tachyon_samples\msvs2017\tachyon.common_x64_release\tachyon.common.tlog\xilib-xilink-lib-link-cvtres.read.1.tlog
c:\users\eriis\onedrive - intel corporation\documents\tachyon_julie\tachyon_samples\msvs2017\tachyon.common_x64_release\tachyon.common.tlog\xilib-xilink-lib-link-cvtres.write.1.tlog
c:\users\eriis\onedrive - intel corporation\documents\tachyon_julie\tachyon_samples\msvs2017\tachyon.common_x64_release\tachyon.common.tlog\xilib-xilink-lib-link.read.1.tlog
c:\users\eriis\onedrive - intel corporation\documents\tachyon_julie\tachyon_samples\msvs2017\tachyon.common_x64_release\tachyon.common.tlog\xilib-xilink-lib-link.write.1.tlog
c:\users\eriis\onedrive - intel corporation\documents\tachyon_julie\tachyon_samples\msvs2017\tachyon.common_x64_release\tachyon.common.tlog\xilib-xilink-mcpcom.11240.read.1.tlog
c:\users\eriis\onedrive - intel corporation\documents\tachyon_julie\tachyon_samples\msvs2017\tachyon.common_x64_release\tachyon.common.tlog\xilib-xilink-mcpcom.11240.write.1.tlog
c:\users\eriis\onedrive - intel corporation\documents\tachyon_julie\tachyon_samples\msvs2017\tachyon.common_x64_release\tachyon.common.tlog\xilib-xilink-mcpcom.1148.read.1.tlog
c:\users\eriis\onedrive - intel corporation\documents\tachyon_julie\tachyon_samples\msvs2017\tachyon.common_x64_release\tachyon.common.tlog\xilib-xilink-mcpcom.1148.write.1.tlog
c:\users\eriis\onedrive - intel corporation\documents\tachyon_julie\tachyon_samples\msvs2017\tachyon.common_x64_release\tachyon.common.tlog\xilib-xilink-mcpcom.11488.read.1.tlog
c:\users\eriis\onedrive - intel corporation\documents\tachyon_julie\tachyon_samples\msvs2017\tachyon.common_x64_release\tachyon.common.tlog\xilib-xilink-mcpcom.11488.write.1.tlog
c:\users\eriis\onedrive - intel corporation\documents\tachyon_julie\tachyon_samples\msvs2017\tachyon.common_x64_release\tachyon.common.tlog\xilib-xilink-mcpcom.1156.read.1.tlog
c:\users\eriis\onedrive - intel corporation\documents\tachyon_julie\tachyon_samples\msvs2017\tachyon.common_x64_release\tachyon.common.tlog\xilib-xilink-mcpcom.1156.write.1.tlog
c:\users\eriis\onedrive - intel corporation\documents\tachyon_julie\tachyon_samples\msvs2017\tachyon.common_x64_release\tachyon.common.tlog\xilib-xilink-mcpcom.11600.read.1.tlog
c:\users\eriis\onedrive - intel corporation\documents\tachyon_julie\tachyon_samples\msvs2017\tachyon.common_x64_release\tachyon.common.tlog\xilib-xilink-mcpcom.11600.write.1.tlog
c:\users\eriis\onedrive - intel corporation\documents\tachyon_julie\tachyon_samples\msvs2017\tachyon.common_x64_release\tachyon.common.tlog\xilib-xilink-mcpcom.12388.read.1.tlog
c:\users\eriis\onedrive - intel corporation\documents\tachyon_julie\tachyon_samples\msvs2017\tachyon.common_x64_release\tachyon.common.tlog\xilib-xilink-mcpcom.12388.write.1.tlog
c:\users\eriis\onedrive - intel corporation\documents\tachyon_julie\tachyon_samples\msvs2017\tachyon.common_x64_release\tachyon.common.tlog\xilib-xilink-mcpcom.13480.read.1.tlog
c:\users\eriis\onedrive - intel corporation\documents\tachyon_julie\tachyon_samples\msvs2017\tachyon.common_x64_release\tachyon.common.tlog\xilib-xilink-mcpcom.13480.write.1.tlog
c:\users\eriis\onedrive - intel corporation\documents\tachyon_julie\tachyon_samples\msvs2017\tachyon.common_x64_release\tachyon.common.tlog\xilib-xilink-mcpcom.13520.read.1.tlog
c:\users\eriis\onedrive - intel corporation\documents\tachyon_julie\tachyon_samples\msvs2017\tachyon.common_x64_release\tachyon.common.tlog\xilib-xilink-mcpcom.13520.write.1.tlog
c:\users\eriis\onedrive - intel corporation\documents\tachyon_julie\tachyon_samples\msvs2017\tachyon.common_x64_release\tachyon.common.tlog\xilib-xilink-mcpcom.13732.read.1.tlog
c:\users\eriis\onedrive - intel corporation\documents\tachyon_julie\tachyon_samples\msvs2017\tachyon.common_x64_release\tachyon.common.tlog\xilib-xilink-mcpcom.13732.write.1.tlog
c:\users\eriis\onedrive - intel corporation\documents\tachyon_julie\tachyon_samples\msvs2017\tachyon.common_x64_release\tachyon.common.tlog\xilib-xilink-mcpcom.15712.read.1.tlog
c:\users\eriis\onedrive - intel corporation\documents\tachyon_julie\tachyon_samples\msvs2017\tachyon.common_x64_release\tachyon.common.tlog\xilib-xilink-mcpcom.15712.write.1.tlog
c:\users\eriis\onedrive - intel corporation\documents\tachyon_julie\tachyon_samples\msvs2017\tachyon.common_x64_release\tachyon.common.tlog\xilib-xilink-mcpcom.16208.read.1.tlog
c:\users\eriis\onedrive - intel corporation\documents\tachyon_julie\tachyon_samples\msvs2017\tachyon.common_x64_release\tachyon.common.tlog\xilib-xilink-mcpcom.16208.write.1.tlog
c:\users\eriis\onedrive - intel corporation\documents\tachyon_julie\tachyon_samples\msvs2017\tachyon.common_x64_release\tachyon.common.tlog\xilib-xilink-mcpcom.16616.read.1.tlog
c:\users\eriis\onedrive - intel corporation\documents\tachyon_julie\tachyon_samples\msvs2017\tachyon.common_x64_release\tachyon.common.tlog\xilib-xilink-mcpcom.16616.write.1.tlog
c:\users\eriis\onedrive - intel corporation\documents\tachyon_julie\tachyon_samples\msvs2017\tachyon.common_x64_release\tachyon.common.tlog\xilib-xilink-mcpcom.16952.read.1.tlog
c:\users\eriis\onedrive - intel corporation\documents\tachyon_julie\tachyon_samples\msvs2017\tachyon.common_x64_release\tachyon.common.tlog\xilib-xilink-mcpcom.16952.write.1.tlog
c:\users\eriis\onedrive - intel corporation\documents\tachyon_julie\tachyon_samples\msvs2017\tachyon.common_x64_release\tachyon.common.tlog\xilib-xilink-mcpcom.17056.read.1.tlog
c:\users\eriis\onedrive - intel corporation\documents\tachyon_julie\tachyon_samples\msvs2017\tachyon.common_x64_release\tachyon.common.tlog\xilib-xilink-mcpcom.17056.write.1.tlog
c:\users\eriis\onedrive - intel corporation\documents\tachyon_julie\tachyon_samples\msvs2017\tachyon.common_x64_release\tachyon.common.tlog\xilib-xilink-mcpcom.17180.read.1.tlog
c:\users\eriis\onedrive - intel corporation\documents\tachyon_julie\tachyon_samples\msvs2017\tachyon.common_x64_release\tachyon.common.tlog\xilib-xilink-mcpcom.17180.write.1.tlog
c:\users\eriis\onedrive - intel corporation\documents\tachyon_julie\tachyon_samples\msvs2017\tachyon.common_x64_release\tachyon.common.tlog\xilib-xilink-mcpcom.17572.read.1.tlog
c:\users\eriis\onedrive - intel corporation\documents\tachyon_julie\tachyon_samples\msvs2017\tachyon.common_x64_release\tachyon.common.tlog\xilib-xilink-mcpcom.17572.write.1.tlog
c:\users\eriis\onedrive - intel corporation\documents\tachyon_julie\tachyon_samples\msvs2017\tachyon.common_x64_release\tachyon.common.tlog\xilib-xilink-mcpcom.17672.read.1.tlog
c:\users\eriis\onedrive - intel corporation\documents\tachyon_julie\tachyon_samples\msvs2017\tachyon.common_x64_release\tachyon.common.tlog\xilib-xilink-mcpcom.17672.write.1.tlog
c:\users\eriis\onedrive - intel corporation\documents\tachyon_julie\tachyon_samples\msvs2017\tachyon.common_x64_release\tachyon.common.tlog\xilib-xilink-mcpcom.17700.read.1.tlog
c:\users\eriis\onedrive - intel corporation\documents\tachyon_julie\tachyon_samples\msvs2017\tachyon.common_x64_release\tachyon.common.tlog\xilib-xilink-mcpcom.17700.write.1.tlog
c:\users\eriis\onedrive - intel corporation\documents\tachyon_julie\tachyon_samples\msvs2017\tachyon.common_x64_release\tachyon.common.tlog\xilib-xilink-mcpcom.17716.read.1.tlog
c:\users\eriis\onedrive - intel corporation\documents\tachyon_julie\tachyon_samples\msvs2017\tachyon.common_x64_release\tachyon.common.tlog\xilib-xilink-mcpcom.17716.write.1.tlog
c:\users\eriis\onedrive - intel corporation\documents\tachyon_julie\tachyon_samples\msvs2017\tachyon.common_x64_release\tachyon.common.tlog\xilib-xilink-mcpcom.17956.read.1.tlog
c:\users\eriis\onedrive - intel corporation\documents\tachyon_julie\tachyon_samples\msvs2017\tachyon.common_x64_release\tachyon.common.tlog\xilib-xilink-mcpcom.17956.write.1.tlog
c:\users\eriis\onedrive - intel corporation\documents\tachyon_julie\tachyon_samples\msvs2017\tachyon.common_x64_release\tachyon.common.tlog\xilib-xilink-mcpcom.18424.read.1.tlog
c:\users\eriis\onedrive - intel corporation\documents\tachyon_julie\tachyon_samples\msvs2017\tachyon.common_x64_release\tachyon.common.tlog\xilib-xilink-mcpcom.18424.write.1.tlog
c:\users\eriis\onedrive - intel corporation\documents\tachyon_julie\tachyon_samples\msvs2017\tachyon.common_x64_release\tachyon.common.tlog\xilib-xilink-mcpcom.18720.read.1.tlog
c:\users\eriis\onedrive - intel corporation\documents\tachyon_julie\tachyon_samples\msvs2017\tachyon.common_x64_release\tachyon.common.tlog\xilib-xilink-mcpcom.18720.write.1.tlog
c:\users\eriis\onedrive - intel corporation\documents\tachyon_julie\tachyon_samples\msvs2017\tachyon.common_x64_release\tachyon.common.tlog\xilib-xilink-mcpcom.18900.read.1.tlog
c:\users\eriis\onedrive - intel corporation\documents\tachyon_julie\tachyon_samples\msvs2017\tachyon.common_x64_release\tachyon.common.tlog\xilib-xilink-mcpcom.18900.write.1.tlog
c:\users\eriis\onedrive - intel corporation\documents\tachyon_julie\tachyon_samples\msvs2017\tachyon.common_x64_release\tachyon.common.tlog\xilib-xilink-mcpcom.20284.read.1.tlog
c:\users\eriis\onedrive - intel corporation\documents\tachyon_julie\tachyon_samples\msvs2017\tachyon.common_x64_release\tachyon.common.tlog\xilib-xilink-mcpcom.20284.write.1.tlog
c:\users\eriis\onedrive - intel corporation\documents\tachyon_julie\tachyon_samples\msvs2017\tachyon.common_x64_release\tachyon.common.tlog\xilib-xilink-mcpcom.2280.read.1.tlog
c:\users\eriis\onedrive - intel corporation\documents\tachyon_julie\tachyon_samples\msvs2017\tachyon.common_x64_release\tachyon.common.tlog\xilib-xilink-mcpcom.2280.write.1.tlog
c:\users\eriis\onedrive - intel corporation\documents\tachyon_julie\tachyon_samples\msvs2017\tachyon.common_x64_release\tachyon.common.tlog\xilib-xilink-mcpcom.2360.read.1.tlog
c:\users\eriis\onedrive - intel corporation\documents\tachyon_julie\tachyon_samples\msvs2017\tachyon.common_x64_release\tachyon.common.tlog\xilib-xilink-mcpcom.2360.write.1.tlog
c:\users\eriis\onedrive - intel corporation\documents\tachyon_julie\tachyon_samples\msvs2017\tachyon.common_x64_release\tachyon.common.tlog\xilib-xilink-mcpcom.2676.read.1.tlog
c:\users\eriis\onedrive - intel corporation\documents\tachyon_julie\tachyon_samples\msvs2017\tachyon.common_x64_release\tachyon.common.tlog\xilib-xilink-mcpcom.2676.write.1.tlog
c:\users\eriis\onedrive - intel corporation\documents\tachyon_julie\tachyon_samples\msvs2017\tachyon.common_x64_release\tachyon.common.tlog\xilib-xilink-mcpcom.3756.read.1.tlog
c:\users\eriis\onedrive - intel corporation\documents\tachyon_julie\tachyon_samples\msvs2017\tachyon.common_x64_release\tachyon.common.tlog\xilib-xilink-mcpcom.3756.write.1.tlog
c:\users\eriis\onedrive - intel corporation\documents\tachyon_julie\tachyon_samples\msvs2017\tachyon.common_x64_release\tachyon.common.tlog\xilib-xilink-mcpcom.4992.read.1.tlog
c:\users\eriis\onedrive - intel corporation\documents\tachyon_julie\tachyon_samples\msvs2017\tachyon.common_x64_release\tachyon.common.tlog\xilib-xilink-mcpcom.4992.write.1.tlog
c:\users\eriis\onedrive - intel corporation\documents\tachyon_julie\tachyon_samples\msvs2017\tachyon.common_x64_release\tachyon.common.tlog\xilib-xilink-mcpcom.5336.read.1.tlog
c:\users\eriis\onedrive - intel corporation\documents\tachyon_julie\tachyon_samples\msvs2017\tachyon.common_x64_release\tachyon.common.tlog\xilib-xilink-mcpcom.5336.write.1.tlog
c:\users\eriis\onedrive - intel corporation\documents\tachyon_julie\tachyon_samples\msvs2017\tachyon.common_x64_release\tachyon.common.tlog\xilib-xilink-mcpcom.7640.read.1.tlog
c:\users\eriis\onedrive - intel corporation\documents\tachyon_julie\tachyon_samples\msvs2017\tachyon.common_x64_release\tachyon.common.tlog\xilib-xilink-mcpcom.7640.write.1.tlog
c:\users\eriis\onedrive - intel corporation\documents\tachyon_julie\tachyon_samples\msvs2017\tachyon.common_x64_release\tachyon.common.tlog\xilib-xilink-mcpcom.7820.read.1.tlog
c:\users\eriis\onedrive - intel corporation\documents\tachyon_julie\tachyon_samples\msvs2017\tachyon.common_x64_release\tachyon.common.tlog\xilib-xilink-mcpcom.7820.write.1.tlog
c:\users\eriis\onedrive - intel corporation\documents\tachyon_julie\tachyon_samples\msvs2017\tachyon.common_x64_release\tachyon.common.tlog\xilib-xilink-mcpcom.8144.read.1.tlog
c:\users\eriis\onedrive - intel corporation\documents\tachyon_julie\tachyon_samples\msvs2017\tachyon.common_x64_release\tachyon.common.tlog\xilib-xilink-mcpcom.8144.write.1.tlog
c:\users\eriis\onedrive - intel corporation\documents\tachyon_julie\tachyon_samples\msvs2017\tachyon.common_x64_release\tachyon.common.tlog\xilib-xilink-mcpcom.9232.read.1.tlog
c:\users\eriis\onedrive - intel corporation\documents\tachyon_julie\tachyon_samples\msvs2017\tachyon.common_x64_release\tachyon.common.tlog\xilib-xilink-mcpcom.9232.write.1.tlog
c:\users\eriis\onedrive - intel corporation\documents\tachyon_julie\tachyon_samples\msvs2017\tachyon.common_x64_release\tachyon.common.tlog\xilib-xilink-mcpcom.9528.read.1.tlog
c:\users\eriis\onedrive - intel corporation\documents\tachyon_julie\tachyon_samples\msvs2017\tachyon.common_x64_release\tachyon.common.tlog\xilib-xilink-mcpcom.9528.write.1.tlog
c:\users\eriis\onedrive - intel corporation\documents\tachyon_julie\tachyon_samples\msvs2017\tachyon.common_x64_release\tachyon.common.tlog\xilib-xilink-mcpcom.9932.read.1.tlog
c:\users\eriis\onedrive - intel corporation\documents\tachyon_julie\tachyon_samples\msvs2017\tachyon.common_x64_release\tachyon.common.tlog\xilib-xilink-mcpcom.9932.write.1.tlog
c:\users\eriis\onedrive - intel corporation\documents\tachyon_julie\tachyon_samples\msvs2017\tachyon.common_x64_release\tachyon.common.tlog\xilib-xilink-mcpcom.read.1.tlog
c:\users\eriis\onedrive - intel corporation\documents\tachyon_julie\tachyon_samples\msvs2017\tachyon.common_x64_release\tachyon.common.tlog\xilib-xilink-mcpcom.write.1.tlog
c:\users\eriis\onedrive - intel corporation\documents\tachyon_julie\tachyon_samples\msvs2017\tachyon.common_x64_release\tachyon.common.tlog\xilib-xilink.read.1.tlog
c:\users\eriis\onedrive - intel corporation\documents\tachyon_julie\tachyon_samples\msvs2017\tachyon.common_x64_release\tachyon.common.tlog\xilib-xilink.write.1.tlog
c:\users\eriis\onedrive - intel corporation\documents\tachyon_julie\tachyon_samples\msvs2017\tachyon.common_x64_release\tachyon.common.tlog\xilib.command.1.tlog
