c:\users\eriis\onedrive - intel corporation\documents\tachyon_julie\tachyon_samples\msvs2017\build_with_openmp_solution_x64_debug\tachyon.openmp_solution.obj
c:\users\eriis\onedrive - intel corporation\documents\tachyon_julie\tachyon_samples\msvs2017\build_with_openmp_solution_x64_debug\tachyon.openmp_solution.pdb
c:\users\eriis\appdata\local\temp\lnk{99f22f05-34dc-4ba0-8f21-8268dc9a5601}.tmp
c:\users\eriis\onedrive - intel corporation\documents\tachyon_julie\tachyon_samples\msvs2017\build_with_openmp_solution_x64_debug\build_with_openmp_solution.exe
c:\users\eriis\onedrive - intel corporation\documents\tachyon_julie\tachyon_samples\msvs2017\build_with_openmp_solution_x64_debug\build_with_openmp_solution.pdb
c:\users\eriis\onedrive - intel corporation\documents\tachyon_julie\tachyon_samples\msvs2017\build_with_openmp_solution_x64_debug\build_wi.a4e25dbd.tlog\icl-mcpcom.read.1.tlog
c:\users\eriis\onedrive - intel corporation\documents\tachyon_julie\tachyon_samples\msvs2017\build_with_openmp_solution_x64_debug\build_wi.a4e25dbd.tlog\icl-mcpcom.write.1.tlog
c:\users\eriis\onedrive - intel corporation\documents\tachyon_julie\tachyon_samples\msvs2017\build_with_openmp_solution_x64_debug\build_wi.a4e25dbd.tlog\icl.command.1.tlog
c:\users\eriis\onedrive - intel corporation\documents\tachyon_julie\tachyon_samples\msvs2017\build_with_openmp_solution_x64_debug\build_wi.a4e25dbd.tlog\icl.read.1.tlog
c:\users\eriis\onedrive - intel corporation\documents\tachyon_julie\tachyon_samples\msvs2017\build_with_openmp_solution_x64_debug\build_wi.a4e25dbd.tlog\icl.write.1.tlog
c:\users\eriis\onedrive - intel corporation\documents\tachyon_julie\tachyon_samples\msvs2017\build_with_openmp_solution_x64_debug\build_wi.a4e25dbd.tlog\xilink-link-cvtres.read.1.tlog
c:\users\eriis\onedrive - intel corporation\documents\tachyon_julie\tachyon_samples\msvs2017\build_with_openmp_solution_x64_debug\build_wi.a4e25dbd.tlog\xilink-link-cvtres.write.1.tlog
c:\users\eriis\onedrive - intel corporation\documents\tachyon_julie\tachyon_samples\msvs2017\build_with_openmp_solution_x64_debug\build_wi.a4e25dbd.tlog\xilink-link-rc.read.1.tlog
c:\users\eriis\onedrive - intel corporation\documents\tachyon_julie\tachyon_samples\msvs2017\build_with_openmp_solution_x64_debug\build_wi.a4e25dbd.tlog\xilink-link-rc.write.1.tlog
c:\users\eriis\onedrive - intel corporation\documents\tachyon_julie\tachyon_samples\msvs2017\build_with_openmp_solution_x64_debug\build_wi.a4e25dbd.tlog\xilink-link.read.1.tlog
c:\users\eriis\onedrive - intel corporation\documents\tachyon_julie\tachyon_samples\msvs2017\build_with_openmp_solution_x64_debug\build_wi.a4e25dbd.tlog\xilink-link.read.2.tlog
c:\users\eriis\onedrive - intel corporation\documents\tachyon_julie\tachyon_samples\msvs2017\build_with_openmp_solution_x64_debug\build_wi.a4e25dbd.tlog\xilink-link.write.1.tlog
c:\users\eriis\onedrive - intel corporation\documents\tachyon_julie\tachyon_samples\msvs2017\build_with_openmp_solution_x64_debug\build_wi.a4e25dbd.tlog\xilink.command.1.tlog
c:\users\eriis\onedrive - intel corporation\documents\tachyon_julie\tachyon_samples\msvs2017\build_with_openmp_solution_x64_debug\build_wi.a4e25dbd.tlog\xilink.read.1.tlog
c:\users\eriis\onedrive - intel corporation\documents\tachyon_julie\tachyon_samples\msvs2017\build_with_openmp_solution_x64_debug\build_wi.a4e25dbd.tlog\xilink.write.1.tlog
