c:\users\eriis\onedrive - intel corporation\documents\tachyon_julie\tachyon_samples\msvs2017\build_with_tbb_solution_x64_release\tachyon.tbb_solution.obj
c:\users\eriis\appdata\local\temp\lnk{043aef9e-0b5b-489e-8d7b-e5a49a336153}.tmp
c:\users\eriis\onedrive - intel corporation\documents\tachyon_julie\tachyon_samples\msvs2017\build_with_tbb_solution_x64_release\build_with_tbb_solution.exe
c:\users\eriis\onedrive - intel corporation\documents\tachyon_julie\tachyon_samples\msvs2017\build_with_tbb_solution_x64_release\build_with_tbb_solution.pdb
c:\users\eriis\onedrive - intel corporation\documents\tachyon_julie\tachyon_samples\msvs2017\build_with_tbb_solution_x64_release\build_wi.4054a93e.tlog\icl-mcpcom.read.1.tlog
c:\users\eriis\onedrive - intel corporation\documents\tachyon_julie\tachyon_samples\msvs2017\build_with_tbb_solution_x64_release\build_wi.4054a93e.tlog\icl-mcpcom.write.1.tlog
c:\users\eriis\onedrive - intel corporation\documents\tachyon_julie\tachyon_samples\msvs2017\build_with_tbb_solution_x64_release\build_wi.4054a93e.tlog\icl.command.1.tlog
c:\users\eriis\onedrive - intel corporation\documents\tachyon_julie\tachyon_samples\msvs2017\build_with_tbb_solution_x64_release\build_wi.4054a93e.tlog\icl.read.1.tlog
c:\users\eriis\onedrive - intel corporation\documents\tachyon_julie\tachyon_samples\msvs2017\build_with_tbb_solution_x64_release\build_wi.4054a93e.tlog\icl.write.1.tlog
c:\users\eriis\onedrive - intel corporation\documents\tachyon_julie\tachyon_samples\msvs2017\build_with_tbb_solution_x64_release\build_wi.4054a93e.tlog\xilink-link-cvtres.read.1.tlog
c:\users\eriis\onedrive - intel corporation\documents\tachyon_julie\tachyon_samples\msvs2017\build_with_tbb_solution_x64_release\build_wi.4054a93e.tlog\xilink-link-cvtres.write.1.tlog
c:\users\eriis\onedrive - intel corporation\documents\tachyon_julie\tachyon_samples\msvs2017\build_with_tbb_solution_x64_release\build_wi.4054a93e.tlog\xilink-link-rc.read.1.tlog
c:\users\eriis\onedrive - intel corporation\documents\tachyon_julie\tachyon_samples\msvs2017\build_with_tbb_solution_x64_release\build_wi.4054a93e.tlog\xilink-link-rc.write.1.tlog
c:\users\eriis\onedrive - intel corporation\documents\tachyon_julie\tachyon_samples\msvs2017\build_with_tbb_solution_x64_release\build_wi.4054a93e.tlog\xilink-link.read.1.tlog
c:\users\eriis\onedrive - intel corporation\documents\tachyon_julie\tachyon_samples\msvs2017\build_with_tbb_solution_x64_release\build_wi.4054a93e.tlog\xilink-link.write.1.tlog
c:\users\eriis\onedrive - intel corporation\documents\tachyon_julie\tachyon_samples\msvs2017\build_with_tbb_solution_x64_release\build_wi.4054a93e.tlog\xilink-mcpcom.read.1.tlog
c:\users\eriis\onedrive - intel corporation\documents\tachyon_julie\tachyon_samples\msvs2017\build_with_tbb_solution_x64_release\build_wi.4054a93e.tlog\xilink-mcpcom.write.1.tlog
c:\users\eriis\onedrive - intel corporation\documents\tachyon_julie\tachyon_samples\msvs2017\build_with_tbb_solution_x64_release\build_wi.4054a93e.tlog\xilink.command.1.tlog
c:\users\eriis\onedrive - intel corporation\documents\tachyon_julie\tachyon_samples\msvs2017\build_with_tbb_solution_x64_release\build_wi.4054a93e.tlog\xilink.read.1.tlog
c:\users\eriis\onedrive - intel corporation\documents\tachyon_julie\tachyon_samples\msvs2017\build_with_tbb_solution_x64_release\build_wi.4054a93e.tlog\xilink.write.1.tlog
