c:\users\eriis\onedrive - intel corporation\documents\tachyon_julie\tachyon_samples\msvs2017\build_with_openmp_x64_debug\tachyon.openmp.obj
c:\users\eriis\onedrive - intel corporation\documents\tachyon_julie\tachyon_samples\msvs2017\build_with_openmp_x64_debug\tachyon.openmp.pdb
c:\users\eriis\appdata\local\temp\lnk{56dd3c82-92fc-4dbf-a2d6-c78c7293ab47}.tmp
c:\users\eriis\appdata\local\temp\lnk{32f0840c-0750-4fa1-a22c-349d86e9dc27}.tmp
c:\users\eriis\onedrive - intel corporation\documents\tachyon_julie\tachyon_samples\msvs2017\build_with_openmp_x64_debug\build_with_openmp.exe
c:\users\eriis\onedrive - intel corporation\documents\tachyon_julie\tachyon_samples\msvs2017\build_with_openmp_x64_debug\build_with_openmp.pdb
c:\users\eriis\onedrive - intel corporation\documents\tachyon_julie\tachyon_samples\msvs2017\build_with_openmp_x64_debug\build_wi.6e9b1702.tlog\icl-mcpcom.read.1.tlog
c:\users\eriis\onedrive - intel corporation\documents\tachyon_julie\tachyon_samples\msvs2017\build_with_openmp_x64_debug\build_wi.6e9b1702.tlog\icl-mcpcom.write.1.tlog
c:\users\eriis\onedrive - intel corporation\documents\tachyon_julie\tachyon_samples\msvs2017\build_with_openmp_x64_debug\build_wi.6e9b1702.tlog\icl.command.1.tlog
c:\users\eriis\onedrive - intel corporation\documents\tachyon_julie\tachyon_samples\msvs2017\build_with_openmp_x64_debug\build_wi.6e9b1702.tlog\icl.read.1.tlog
c:\users\eriis\onedrive - intel corporation\documents\tachyon_julie\tachyon_samples\msvs2017\build_with_openmp_x64_debug\build_wi.6e9b1702.tlog\icl.write.1.tlog
c:\users\eriis\onedrive - intel corporation\documents\tachyon_julie\tachyon_samples\msvs2017\build_with_openmp_x64_debug\build_wi.6e9b1702.tlog\xilink-link-cvtres.read.1.tlog
c:\users\eriis\onedrive - intel corporation\documents\tachyon_julie\tachyon_samples\msvs2017\build_with_openmp_x64_debug\build_wi.6e9b1702.tlog\xilink-link-cvtres.write.1.tlog
c:\users\eriis\onedrive - intel corporation\documents\tachyon_julie\tachyon_samples\msvs2017\build_with_openmp_x64_debug\build_wi.6e9b1702.tlog\xilink-link-rc.read.1.tlog
c:\users\eriis\onedrive - intel corporation\documents\tachyon_julie\tachyon_samples\msvs2017\build_with_openmp_x64_debug\build_wi.6e9b1702.tlog\xilink-link-rc.write.1.tlog
c:\users\eriis\onedrive - intel corporation\documents\tachyon_julie\tachyon_samples\msvs2017\build_with_openmp_x64_debug\build_wi.6e9b1702.tlog\xilink-link.read.1.tlog
c:\users\eriis\onedrive - intel corporation\documents\tachyon_julie\tachyon_samples\msvs2017\build_with_openmp_x64_debug\build_wi.6e9b1702.tlog\xilink-link.read.2.tlog
c:\users\eriis\onedrive - intel corporation\documents\tachyon_julie\tachyon_samples\msvs2017\build_with_openmp_x64_debug\build_wi.6e9b1702.tlog\xilink-link.read.3.tlog
c:\users\eriis\onedrive - intel corporation\documents\tachyon_julie\tachyon_samples\msvs2017\build_with_openmp_x64_debug\build_wi.6e9b1702.tlog\xilink-link.write.1.tlog
c:\users\eriis\onedrive - intel corporation\documents\tachyon_julie\tachyon_samples\msvs2017\build_with_openmp_x64_debug\build_wi.6e9b1702.tlog\xilink.command.1.tlog
c:\users\eriis\onedrive - intel corporation\documents\tachyon_julie\tachyon_samples\msvs2017\build_with_openmp_x64_debug\build_wi.6e9b1702.tlog\xilink.read.1.tlog
c:\users\eriis\onedrive - intel corporation\documents\tachyon_julie\tachyon_samples\msvs2017\build_with_openmp_x64_debug\build_wi.6e9b1702.tlog\xilink.write.1.tlog
